<?xml version="1.0" encoding="UTF-8"?>
<!-- Generated by org.testng.reporters.JUnitReportReporter -->
<testsuite skipped="0" hostname="Lenovo" name="ICICI.Bank.FDCalculator" tests="3" failures="0" timestamp="13 Jan 2021 06:51:40 GMT" time="70.769" errors="0">
  <testcase name="FDCal" time="1.626" classname="ICICI.Bank.FDCalculator"/>
  <testcase name="calculation" time="17.835" classname="ICICI.Bank.FDCalculator"/>
  <testcase name="takeScreenshot" time="51.308" classname="ICICI.Bank.FDCalculator"/>
</testsuite> <!-- ICICI.Bank.FDCalculator -->
